# JRE version: OpenJDK Runtime Environment (8.0_152-b01) (build 1.8.0_152-release-915-b01)
# Java VM: OpenJDK 64-Bit Server VM (25.152-b01 mixed mode windows-amd64 compressed oops)
Heap:
 PSYoungGen      total 227840K, used 192383K [0x00000000e0000000, 0x00000000ef880000, 0x0000000100000000)
  eden space 214528K, 84% used [0x00000000e0000000,0x00000000eb1e56c0,0x00000000ed180000)
  from space 13312K, 76% used [0x00000000eeb80000,0x00000000ef57a610,0x00000000ef880000)
  to   space 19968K, 0% used [0x00000000ed180000,0x00000000ed180000,0x00000000ee500000)
 ParOldGen       total 101888K, used 29801K [0x00000000a0000000, 0x00000000a6380000, 0x00000000e0000000)
  object space 101888K, 29% used [0x00000000a0000000,0x00000000a1d1a4b0,0x00000000a6380000)
 Metaspace       used 61917K, capacity 64185K, committed 64472K, reserved 1105920K
  class space    used 8159K, capacity 8672K, committed 8704K, reserved 1048576K
GC Heap History (10 events):
Event: 6.351 GC heap before
{Heap before GC invocations=11 (full 2):
 PSYoungGen      total 146944K, used 146665K [0x00000000e0000000, 0x00000000ea400000, 0x0000000100000000)
  eden space 135680K, 100% used [0x00000000e0000000,0x00000000e8480000,0x00000000e8480000)
  from space 11264K, 97% used [0x00000000e9900000,0x00000000ea3ba7e8,0x00000000ea400000)
  to   space 12288K, 0% used [0x00000000e8c00000,0x00000000e8c00000,0x00000000e9800000)
 ParOldGen       total 101888K, used 15778K [0x00000000a0000000, 0x00000000a6380000, 0x00000000e0000000)
  object space 101888K, 15% used [0x00000000a0000000,0x00000000a0f688d8,0x00000000a6380000)
 Metaspace       used 52211K, capacity 53936K, committed 54104K, reserved 1095680K
  class space    used 7115K, capacity 7543K, committed 7552K, reserved 1048576K
Event: 6.366 GC heap after
Heap after GC invocations=11 (full 2):
 PSYoungGen      total 155648K, used 12277K [0x00000000e0000000, 0x00000000ec200000, 0x0000000100000000)
  eden space 143360K, 0% used [0x00000000e0000000,0x00000000e0000000,0x00000000e8c00000)
  from space 12288K, 99% used [0x00000000e8c00000,0x00000000e97fd4e0,0x00000000e9800000)
  to   space 16384K, 0% used [0x00000000eb200000,0x00000000eb200000,0x00000000ec200000)
 ParOldGen       total 101888K, used 22849K [0x00000000a0000000, 0x00000000a6380000, 0x00000000e0000000)
  object space 101888K, 22% used [0x00000000a0000000,0x00000000a1650480,0x00000000a6380000)
 Metaspace       used 52211K, capacity 53936K, committed 54104K, reserved 1095680K
  class space    used 7115K, capacity 7543K, committed 7552K, reserved 1048576K
}
Event: 11.984 GC heap before
{Heap before GC invocations=12 (full 2):
 PSYoungGen      total 155648K, used 155036K [0x00000000e0000000, 0x00000000ec200000, 0x0000000100000000)
  eden space 143360K, 99% used [0x00000000e0000000,0x00000000e8b69db8,0x00000000e8c00000)
  from space 12288K, 99% used [0x00000000e8c00000,0x00000000e97fd4e0,0x00000000e9800000)
  to   space 16384K, 0% used [0x00000000eb200000,0x00000000eb200000,0x00000000ec200000)
 ParOldGen       total 101888K, used 22849K [0x00000000a0000000, 0x00000000a6380000, 0x00000000e0000000)
  object space 101888K, 22% used [0x00000000a0000000,0x00000000a1650480,0x00000000a6380000)
 Metaspace       used 56530K, capacity 58620K, committed 58840K, reserved 1099776K
  class space    used 7645K, capacity 8109K, committed 8192K, reserved 1048576K
Event: 11.997 GC heap after
Heap after GC invocations=12 (full 2):
 PSYoungGen      total 179200K, used 16352K [0x00000000e0000000, 0x00000000ecd00000, 0x0000000100000000)
  eden space 162816K, 0% used [0x00000000e0000000,0x00000000e0000000,0x00000000e9f00000)
  from space 16384K, 99% used [0x00000000eb200000,0x00000000ec1f80e0,0x00000000ec200000)
  to   space 19456K, 0% used [0x00000000e9f00000,0x00000000e9f00000,0x00000000eb200000)
 ParOldGen       total 101888K, used 25404K [0x00000000a0000000, 0x00000000a6380000, 0x00000000e0000000)
  object space 101888K, 24% used [0x00000000a0000000,0x00000000a18cf298,0x00000000a6380000)
 Metaspace       used 56530K, capacity 58620K, committed 58840K, reserved 1099776K
  class space    used 7645K, capacity 8109K, committed 8192K, reserved 1048576K
}
Event: 12.114 GC heap before
{Heap before GC invocations=13 (full 2):
 PSYoungGen      total 179200K, used 39167K [0x00000000e0000000, 0x00000000ecd00000, 0x0000000100000000)
  eden space 162816K, 14% used [0x00000000e0000000,0x00000000e1647c28,0x00000000e9f00000)
  from space 16384K, 99% used [0x00000000eb200000,0x00000000ec1f80e0,0x00000000ec200000)
  to   space 19456K, 0% used [0x00000000e9f00000,0x00000000e9f00000,0x00000000eb200000)
 ParOldGen       total 101888K, used 25404K [0x00000000a0000000, 0x00000000a6380000, 0x00000000e0000000)
  object space 101888K, 24% used [0x00000000a0000000,0x00000000a18cf298,0x00000000a6380000)
 Metaspace       used 56786K, capacity 58903K, committed 59028K, reserved 1099776K
  class space    used 7685K, capacity 8192K, committed 8192K, reserved 1048576K
Event: 12.125 GC heap after
Heap after GC invocations=13 (full 2):
 PSYoungGen      total 182272K, used 15798K [0x00000000e0000000, 0x00000000eff80000, 0x0000000100000000)
  eden space 162816K, 0% used [0x00000000e0000000,0x00000000e0000000,0x00000000e9f00000)
  from space 19456K, 81% used [0x00000000e9f00000,0x00000000eae6da60,0x00000000eb200000)
  to   space 20480K, 0% used [0x00000000eeb80000,0x00000000eeb80000,0x00000000eff80000)
 ParOldGen       total 101888K, used 25412K [0x00000000a0000000, 0x00000000a6380000, 0x00000000e0000000)
  object space 101888K, 24% used [0x00000000a0000000,0x00000000a18d1298,0x00000000a6380000)
 Metaspace       used 56786K, capacity 58903K, committed 59028K, reserved 1099776K
  class space    used 7685K, capacity 8192K, committed 8192K, reserved 1048576K
}
Event: 12.125 GC heap before
{Heap before GC invocations=14 (full 3):
 PSYoungGen      total 182272K, used 15798K [0x00000000e0000000, 0x00000000eff80000, 0x0000000100000000)
  eden space 162816K, 0% used [0x00000000e0000000,0x00000000e0000000,0x00000000e9f00000)
  from space 19456K, 81% used [0x00000000e9f00000,0x00000000eae6da60,0x00000000eb200000)
  to   space 20480K, 0% used [0x00000000eeb80000,0x00000000eeb80000,0x00000000eff80000)
 ParOldGen       total 101888K, used 25412K [0x00000000a0000000, 0x00000000a6380000, 0x00000000e0000000)
  object space 101888K, 24% used [0x00000000a0000000,0x00000000a18d1298,0x00000000a6380000)
 Metaspace       used 56786K, capacity 58903K, committed 59028K, reserved 1099776K
  class space    used 7685K, capacity 8192K, committed 8192K, reserved 1048576K
Event: 12.278 GC heap after
Heap after GC invocations=14 (full 3):
 PSYoungGen      total 182272K, used 0K [0x00000000e0000000, 0x00000000eff80000, 0x0000000100000000)
  eden space 162816K, 0% used [0x00000000e0000000,0x00000000e0000000,0x00000000e9f00000)
  from space 19456K, 0% used [0x00000000e9f00000,0x00000000e9f00000,0x00000000eb200000)
  to   space 20480K, 0% used [0x00000000eeb80000,0x00000000eeb80000,0x00000000eff80000)
 ParOldGen       total 101888K, used 29521K [0x00000000a0000000, 0x00000000a6380000, 0x00000000e0000000)
  object space 101888K, 28% used [0x00000000a0000000,0x00000000a1cd4498,0x00000000a6380000)
 Metaspace       used 56786K, capacity 58903K, committed 59028K, reserved 1099776K
  class space    used 7685K, capacity 8192K, committed 8192K, reserved 1048576K
}
Event: 16.300 GC heap before
{Heap before GC invocations=15 (full 3):
 PSYoungGen      total 182272K, used 162816K [0x00000000e0000000, 0x00000000eff80000, 0x0000000100000000)
  eden space 162816K, 100% used [0x00000000e0000000,0x00000000e9f00000,0x00000000e9f00000)
  from space 19456K, 0% used [0x00000000e9f00000,0x00000000e9f00000,0x00000000eb200000)
  to   space 20480K, 0% used [0x00000000eeb80000,0x00000000eeb80000,0x00000000eff80000)
 ParOldGen       total 101888K, used 29521K [0x00000000a0000000, 0x00000000a6380000, 0x00000000e0000000)
  object space 101888K, 28% used [0x00000000a0000000,0x00000000a1cd4498,0x00000000a6380000)
 Metaspace       used 61137K, capacity 63307K, committed 63576K, reserved 1103872K
  class space    used 8078K, capacity 8573K, committed 8576K, reserved 1048576K
Event: 16.311 GC heap after
Heap after GC invocations=15 (full 3):
 PSYoungGen      total 227840K, used 10217K [0x00000000e0000000, 0x00000000ef880000, 0x0000000100000000)
  eden space 214528K, 0% used [0x00000000e0000000,0x00000000e0000000,0x00000000ed180000)
  from space 13312K, 76% used [0x00000000eeb80000,0x00000000ef57a610,0x00000000ef880000)
  to   space 19968K, 0% used [0x00000000ed180000,0x00000000ed180000,0x00000000ee500000)
 ParOldGen       total 101888K, used 29801K [0x00000000a0000000, 0x00000000a6380000, 0x00000000e0000000)
  object space 101888K, 29% used [0x00000000a0000000,0x00000000a1d1a4b0,0x00000000a6380000)
 Metaspace       used 61137K, capacity 63307K, committed 63576K, reserved 1103872K
  class space    used 8078K, capacity 8573K, committed 8576K, reserved 1048576K
}

