# JRE version: OpenJDK Runtime Environment (8.0_152-b01) (build 1.8.0_152-release-915-b01)
# Java VM: OpenJDK 64-Bit Server VM (25.152-b01 mixed mode windows-amd64 compressed oops)
Heap:
 PSYoungGen      total 159232K, used 27585K [0x00000000e0000000, 0x00000000ed400000, 0x0000000100000000)
  eden space 135168K, 13% used [0x00000000e0000000,0x00000000e1225b70,0x00000000e8400000)
  from space 24064K, 37% used [0x00000000e8400000,0x00000000e8ccab80,0x00000000e9b80000)
  to   space 23040K, 0% used [0x00000000ebd80000,0x00000000ebd80000,0x00000000ed400000)
 ParOldGen       total 101888K, used 69648K [0x00000000a0000000, 0x00000000a6380000, 0x00000000e0000000)
  object space 101888K, 68% used [0x00000000a0000000,0x00000000a4404148,0x00000000a6380000)
 Metaspace       used 71480K, capacity 74300K, committed 74328K, reserved 1114112K
  class space    used 9221K, capacity 9841K, committed 9856K, reserved 1048576K
GC Heap History (10 events):
Event: 48.519 GC heap before
{Heap before GC invocations=24 (full 3):
 PSYoungGen      total 136704K, used 115496K [0x00000000e0000000, 0x00000000e9e00000, 0x0000000100000000)
  eden space 111616K, 99% used [0x00000000e0000000,0x00000000e6ca6f40,0x00000000e6d00000)
  from space 25088K, 16% used [0x00000000e8580000,0x00000000e89a32c0,0x00000000e9e00000)
  to   space 25088K, 0% used [0x00000000e6d00000,0x00000000e6d00000,0x00000000e8580000)
 ParOldGen       total 101888K, used 66201K [0x00000000a0000000, 0x00000000a6380000, 0x00000000e0000000)
  object space 101888K, 64% used [0x00000000a0000000,0x00000000a40a6418,0x00000000a6380000)
 Metaspace       used 66527K, capacity 68698K, committed 68824K, reserved 1110016K
  class space    used 8689K, capacity 9174K, committed 9216K, reserved 1048576K
Event: 48.525 GC heap after
Heap after GC invocations=24 (full 3):
 PSYoungGen      total 136704K, used 6233K [0x00000000e0000000, 0x00000000eb300000, 0x0000000100000000)
  eden space 111616K, 0% used [0x00000000e0000000,0x00000000e0000000,0x00000000e6d00000)
  from space 25088K, 24% used [0x00000000e6d00000,0x00000000e73165e8,0x00000000e8580000)
  to   space 24064K, 0% used [0x00000000e9b80000,0x00000000e9b80000,0x00000000eb300000)
 ParOldGen       total 101888K, used 67401K [0x00000000a0000000, 0x00000000a6380000, 0x00000000e0000000)
  object space 101888K, 66% used [0x00000000a0000000,0x00000000a41d2460,0x00000000a6380000)
 Metaspace       used 66527K, capacity 68698K, committed 68824K, reserved 1110016K
  class space    used 8689K, capacity 9174K, committed 9216K, reserved 1048576K
}
Event: 48.537 GC heap before
{Heap before GC invocations=25 (full 3):
 PSYoungGen      total 136704K, used 117038K [0x00000000e0000000, 0x00000000eb300000, 0x0000000100000000)
  eden space 111616K, 99% used [0x00000000e0000000,0x00000000e6c352e8,0x00000000e6d00000)
  from space 25088K, 24% used [0x00000000e6d00000,0x00000000e73165e8,0x00000000e8580000)
  to   space 24064K, 0% used [0x00000000e9b80000,0x00000000e9b80000,0x00000000eb300000)
 ParOldGen       total 101888K, used 67401K [0x00000000a0000000, 0x00000000a6380000, 0x00000000e0000000)
  object space 101888K, 66% used [0x00000000a0000000,0x00000000a41d2460,0x00000000a6380000)
 Metaspace       used 66531K, capacity 68762K, committed 69080K, reserved 1110016K
  class space    used 8689K, capacity 9174K, committed 9216K, reserved 1048576K
Event: 48.540 GC heap after
Heap after GC invocations=25 (full 3):
 PSYoungGen      total 159232K, used 96K [0x00000000e0000000, 0x00000000ec280000, 0x0000000100000000)
  eden space 135168K, 0% used [0x00000000e0000000,0x00000000e0000000,0x00000000e8400000)
  from space 24064K, 0% used [0x00000000e9b80000,0x00000000e9b98000,0x00000000eb300000)
  to   space 24064K, 0% used [0x00000000e8400000,0x00000000e8400000,0x00000000e9b80000)
 ParOldGen       total 101888K, used 69576K [0x00000000a0000000, 0x00000000a6380000, 0x00000000e0000000)
  object space 101888K, 68% used [0x00000000a0000000,0x00000000a43f2148,0x00000000a6380000)
 Metaspace       used 66531K, capacity 68762K, committed 69080K, reserved 1110016K
  class space    used 8689K, capacity 9174K, committed 9216K, reserved 1048576K
}
Event: 48.559 GC heap before
{Heap before GC invocations=26 (full 3):
 PSYoungGen      total 159232K, used 134866K [0x00000000e0000000, 0x00000000ec280000, 0x0000000100000000)
  eden space 135168K, 99% used [0x00000000e0000000,0x00000000e839cb88,0x00000000e8400000)
  from space 24064K, 0% used [0x00000000e9b80000,0x00000000e9b98000,0x00000000eb300000)
  to   space 24064K, 0% used [0x00000000e8400000,0x00000000e8400000,0x00000000e9b80000)
 ParOldGen       total 101888K, used 69576K [0x00000000a0000000, 0x00000000a6380000, 0x00000000e0000000)
  object space 101888K, 68% used [0x00000000a0000000,0x00000000a43f2148,0x00000000a6380000)
 Metaspace       used 66536K, capacity 68762K, committed 69080K, reserved 1110016K
  class space    used 8689K, capacity 9174K, committed 9216K, reserved 1048576K
Event: 48.561 GC heap after
Heap after GC invocations=26 (full 3):
 PSYoungGen      total 159232K, used 96K [0x00000000e0000000, 0x00000000ec280000, 0x0000000100000000)
  eden space 135168K, 0% used [0x00000000e0000000,0x00000000e0000000,0x00000000e8400000)
  from space 24064K, 0% used [0x00000000e8400000,0x00000000e8418000,0x00000000e9b80000)
  to   space 24064K, 0% used [0x00000000e9b80000,0x00000000e9b80000,0x00000000eb300000)
 ParOldGen       total 101888K, used 69600K [0x00000000a0000000, 0x00000000a6380000, 0x00000000e0000000)
  object space 101888K, 68% used [0x00000000a0000000,0x00000000a43f8148,0x00000000a6380000)
 Metaspace       used 66536K, capacity 68762K, committed 69080K, reserved 1110016K
  class space    used 8689K, capacity 9174K, committed 9216K, reserved 1048576K
}
Event: 48.582 GC heap before
{Heap before GC invocations=27 (full 3):
 PSYoungGen      total 159232K, used 135017K [0x00000000e0000000, 0x00000000ec280000, 0x0000000100000000)
  eden space 135168K, 99% used [0x00000000e0000000,0x00000000e83c24a0,0x00000000e8400000)
  from space 24064K, 0% used [0x00000000e8400000,0x00000000e8418000,0x00000000e9b80000)
  to   space 24064K, 0% used [0x00000000e9b80000,0x00000000e9b80000,0x00000000eb300000)
 ParOldGen       total 101888K, used 69600K [0x00000000a0000000, 0x00000000a6380000, 0x00000000e0000000)
  object space 101888K, 68% used [0x00000000a0000000,0x00000000a43f8148,0x00000000a6380000)
 Metaspace       used 66542K, capacity 68762K, committed 69080K, reserved 1110016K
  class space    used 8689K, capacity 9174K, committed 9216K, reserved 1048576K
Event: 48.584 GC heap after
Heap after GC invocations=27 (full 3):
 PSYoungGen      total 159232K, used 128K [0x00000000e0000000, 0x00000000ec280000, 0x0000000100000000)
  eden space 135168K, 0% used [0x00000000e0000000,0x00000000e0000000,0x00000000e8400000)
  from space 24064K, 0% used [0x00000000e9b80000,0x00000000e9ba0000,0x00000000eb300000)
  to   space 24064K, 0% used [0x00000000e8400000,0x00000000e8400000,0x00000000e9b80000)
 ParOldGen       total 101888K, used 69624K [0x00000000a0000000, 0x00000000a6380000, 0x00000000e0000000)
  object space 101888K, 68% used [0x00000000a0000000,0x00000000a43fe148,0x00000000a6380000)
 Metaspace       used 66542K, capacity 68762K, committed 69080K, reserved 1110016K
  class space    used 8689K, capacity 9174K, committed 9216K, reserved 1048576K
}
Event: 180.234 GC heap before
{Heap before GC invocations=28 (full 3):
 PSYoungGen      total 159232K, used 135296K [0x00000000e0000000, 0x00000000ec280000, 0x0000000100000000)
  eden space 135168K, 100% used [0x00000000e0000000,0x00000000e8400000,0x00000000e8400000)
  from space 24064K, 0% used [0x00000000e9b80000,0x00000000e9ba0000,0x00000000eb300000)
  to   space 24064K, 0% used [0x00000000e8400000,0x00000000e8400000,0x00000000e9b80000)
 ParOldGen       total 101888K, used 69624K [0x00000000a0000000, 0x00000000a6380000, 0x00000000e0000000)
  object space 101888K, 68% used [0x00000000a0000000,0x00000000a43fe148,0x00000000a6380000)
 Metaspace       used 71396K, capacity 74236K, committed 74328K, reserved 1114112K
  class space    used 9221K, capacity 9841K, committed 9856K, reserved 1048576K
Event: 180.246 GC heap after
Heap after GC invocations=28 (full 3):
 PSYoungGen      total 159232K, used 9002K [0x00000000e0000000, 0x00000000ed400000, 0x0000000100000000)
  eden space 135168K, 0% used [0x00000000e0000000,0x00000000e0000000,0x00000000e8400000)
  from space 24064K, 37% used [0x00000000e8400000,0x00000000e8ccab80,0x00000000e9b80000)
  to   space 23040K, 0% used [0x00000000ebd80000,0x00000000ebd80000,0x00000000ed400000)
 ParOldGen       total 101888K, used 69648K [0x00000000a0000000, 0x00000000a6380000, 0x00000000e0000000)
  object space 101888K, 68% used [0x00000000a0000000,0x00000000a4404148,0x00000000a6380000)
 Metaspace       used 71396K, capacity 74236K, committed 74328K, reserved 1114112K
  class space    used 9221K, capacity 9841K, committed 9856K, reserved 1048576K
}

